2018-03-05 14:41:19,037 [INFO] from application in play-dev-mode-akka.actor.default-dispatcher-33 - Creating Pool for datasource 'default'
2018-03-05 14:41:19,312 [INFO] from play.api.db.DefaultDBApi in play-dev-mode-akka.actor.default-dispatcher-33 - Database [default] connected at jdbc:h2:file:./data/productsDB
2018-03-05 14:41:20,500 [WARN] from org.hibernate.validator.messageinterpolation.ParameterMessageInterpolator in play-dev-mode-akka.actor.default-dispatcher-33 - HV000184: ParameterMessageInterpolator has been chosen, EL interpolation will not be supported
2018-03-05 14:41:20,678 [INFO] from play.api.http.EnabledFilters in play-dev-mode-akka.actor.default-dispatcher-33 - Enabled Filters (see <https://www.playframework.com/documentation/latest/Filters>):

    play.filters.csrf.CSRFFilter
    play.filters.headers.SecurityHeadersFilter
    play.filters.hosts.AllowedHostsFilter

2018-03-05 14:41:20,683 [INFO] from play.api.Play in play-dev-mode-akka.actor.default-dispatcher-33 - Application started (Dev)
2018-03-05 14:41:20,855 [WARN] from play.api.mvc.DefaultJWTCookieDataCodec in application-akka.actor.default-dispatcher-7 - decode: cookie has invalid signature! message = JWT signature does not match locally computed signature. JWT validity cannot be asserted and should not be trusted.
2018-03-05 14:41:20,858 [INFO] from play.api.mvc.DefaultJWTCookieDataCodec in application-akka.actor.default-dispatcher-7 - The JWT signature in the cookie does not match the locally computed signature with the server.
This usually indicates the browser has a leftover cookie from another Play application,
so clearing cookies may resolve this error message.
2018-03-05 14:41:21,038 [WARN] from play.api.mvc.DefaultJWTCookieDataCodec in application-akka.actor.default-dispatcher-7 - decode: cookie has invalid signature! message = JWT signature does not match locally computed signature. JWT validity cannot be asserted and should not be trusted.
2018-03-05 14:41:21,039 [INFO] from play.api.mvc.DefaultJWTCookieDataCodec in application-akka.actor.default-dispatcher-7 - The JWT signature in the cookie does not match the locally computed signature with the server.
This usually indicates the browser has a leftover cookie from another Play application,
so clearing cookies may resolve this error message.
2018-03-05 14:41:21,304 [WARN] from play.api.mvc.DefaultJWTCookieDataCodec in application-akka.actor.default-dispatcher-7 - decode: cookie has invalid signature! message = JWT signature does not match locally computed signature. JWT validity cannot be asserted and should not be trusted.
2018-03-05 14:41:21,304 [INFO] from play.api.mvc.DefaultJWTCookieDataCodec in application-akka.actor.default-dispatcher-7 - The JWT signature in the cookie does not match the locally computed signature with the server.
This usually indicates the browser has a leftover cookie from another Play application,
so clearing cookies may resolve this error message.
2018-03-05 14:41:21,316 [WARN] from play.api.mvc.DefaultJWTCookieDataCodec in application-akka.actor.default-dispatcher-4 - decode: cookie has invalid signature! message = JWT signature does not match locally computed signature. JWT validity cannot be asserted and should not be trusted.
2018-03-05 14:41:21,317 [INFO] from play.api.mvc.DefaultJWTCookieDataCodec in application-akka.actor.default-dispatcher-4 - The JWT signature in the cookie does not match the locally computed signature with the server.
This usually indicates the browser has a leftover cookie from another Play application,
so clearing cookies may resolve this error message.
2018-03-05 14:41:44,740 [WARN] from application in application-akka.actor.default-dispatcher-3 - The "validate" method in class "models.users.Login" is deprecated since Play 2.6. To migrate to class-level constraints see https://www.playframework.com/documentation/2.6.x/Migration26#java-form-changes and https://www.playframework.com/documentation/2.6.x/JavaForms#Advanced-validation
2018-03-05 14:44:44,014 [INFO] from play.core.server.AkkaHttpServer in pool-5-thread-3 - Stopping server...
2018-03-05 14:44:44,068 [INFO] from application in application-akka.actor.default-dispatcher-14 - Shutting down connection pool.
